<?xml version="1.0" encoding="UTF-8"?>
<!-- Generated by org.testng.reporters.JUnitReportReporter -->
<testsuite hostname="Akshay-PC" name="com.qa.tests.PostAPITest" tests="1" failures="0" timestamp="18 Jan 2018 15:54:21 GMT" time="14.506" errors="0">
  <testcase name="postAPITest" time="14.506" classname="com.qa.tests.PostAPITest"/>
</testsuite> <!-- com.qa.tests.PostAPITest -->
