<?xml version="1.0" encoding="UTF-8"?>
<!-- Generated by org.testng.reporters.JUnitReportReporter -->
<testsuite hostname="Akshay-PC" name="com.qa.tests.GetAPITest" tests="2" failures="0" timestamp="18 Jan 2018 15:54:21 GMT" time="0.826" errors="0">
  <testcase name="getAPITestWithoutHeaders" time="0.467" classname="com.qa.tests.GetAPITest"/>
  <testcase name="getAPITestWithHeaders" time="0.359" classname="com.qa.tests.GetAPITest"/>
</testsuite> <!-- com.qa.tests.GetAPITest -->
